<?xml version="1.0" encoding="UTF-8"?>
<!-- Generated by org.testng.reporters.JUnitReportReporter -->
<testsuite hostname="DESKTOP-QE3DE20" failures="0" tests="1" name="com.Project_TestCases.LoginAppservice" time="2.520" errors="0" timestamp="2021-11-02T03:30:47 IST" skipped="0">
  <testcase classname="com.Project_TestCases.LoginAppservice" name="verify_validlogin" time="2.520"/>
  <system-out/>
</testsuite> <!-- com.Project_TestCases.LoginAppservice -->
