<?xml version="1.0" encoding="UTF-8"?>
<!-- Generated by org.testng.reporters.JUnitReportReporter -->
<testsuite hostname="DESKTOP-QE3DE20" failures="0" tests="1" name="com.Project_TestCases.Testcase2" time="6.123" errors="0" timestamp="2021-10-27T13:37:23 IST" skipped="0">
  <testcase classname="com.Project_TestCases.Testcase2" name="testcase" time="6.123"/>
  <system-out/>
</testsuite> <!-- com.Project_TestCases.Testcase2 -->
